<?xml version="1.0" encoding="UTF-8"?>
<testng-results ignored="0" total="1" passed="1" failed="0" skipped="0">
  <reporter-output>
  </reporter-output>
  <suite started-at="2023-01-08T14:34:33 IST" name="Default suite" finished-at="2023-01-08T14:34:33 IST" duration-ms="43">
    <groups>
    </groups>
    <test started-at="2023-01-08T14:34:33 IST" name="Default test" finished-at="2023-01-08T14:34:33 IST" duration-ms="43">
      <class name="streams">
        <test-method signature="regular()[pri:0, instance:streams@67c33749]" started-at="2023-01-08T14:34:33 IST" name="regular" finished-at="2023-01-08T14:34:33 IST" duration-ms="7" status="PASS">
          <reporter-output>
          </reporter-output>
        </test-method> <!-- regular -->
      </class> <!-- streams -->
    </test> <!-- Default test -->
  </suite> <!-- Default suite -->
</testng-results>
